Tue Dec 17 15:52:40 2024       
+---------------------------------------------------------------------------------------+
| NVIDIA-SMI 535.183.06             Driver Version: 535.183.06   CUDA Version: 12.2     |
|-----------------------------------------+----------------------+----------------------+
| GPU  Name                 Persistence-M | Bus-Id        Disp.A | Volatile Uncorr. ECC |
| Fan  Temp   Perf          Pwr:Usage/Cap |         Memory-Usage | GPU-Util  Compute M. |
|                                         |                      |               MIG M. |
|=========================================+======================+======================|
|   0  NVIDIA H100                    On  | 00000000:04:00.0 Off |                    0 |
| N/A   38C    P0              71W / 700W |      0MiB / 95830MiB |      0%      Default |
|                                         |                      |             Disabled |
+-----------------------------------------+----------------------+----------------------+
                                                                                         
+---------------------------------------------------------------------------------------+
| Processes:                                                                            |
|  GPU   GI   CI        PID   Type   Process name                            GPU Memory |
|        ID   ID                                                             Usage      |
|=======================================================================================|
|  No running processes found                                                           |
+---------------------------------------------------------------------------------------+
[1;34mwandb[0m: 🚀 View run [33mtoasty-blaze-100[0m at: [34mhttps://wandb.ai/awakening-wyf/U-Net/runs/742ys054[0m
[1;34mwandb[0m: Find logs at: [1;35mwandb/run-20241217_155251-742ys054/logs[0m
